\BOOKMARK [0][-]{chapter.1}{\376\377\000S\000y\000l\000l\000a\000b\000u\000s}{}% 1
\BOOKMARK [1][-]{section.1.1}{\376\377\000I\000n\000s\000t\000r\000u\000c\000t\000o\000r\000\040\000I\000n\000f\000o\000r\000m\000a\000t\000i\000o\000n}{chapter.1}% 2
\BOOKMARK [1][-]{section.1.2}{\376\377\000C\000o\000u\000r\000s\000e\000\040\000I\000n\000f\000o\000r\000m\000a\000t\000i\000o\000n}{chapter.1}% 3
\BOOKMARK [1][-]{section.1.3}{\376\377\000M\000e\000t\000h\000o\000d\000\040\000o\000f\000\040\000E\000v\000a\000l\000u\000a\000t\000i\000o\000n}{chapter.1}% 4
\BOOKMARK [1][-]{section.1.4}{\376\377\000A\000d\000d\000i\000t\000i\000o\000n\000a\000l\000\040\000P\000o\000l\000i\000c\000i\000e\000s}{chapter.1}% 5
\BOOKMARK [1][-]{section.1.5}{\376\377\000A\000d\000d\000i\000t\000i\000o\000n\000a\000l\000\040\000S\000u\000p\000p\000o\000r\000t\000s}{chapter.1}% 6
\BOOKMARK [1][-]{section.1.6}{\376\377\000T\000e\000n\000t\000a\000t\000i\000v\000e\000\040\000c\000o\000u\000r\000s\000e\000\040\000s\000c\000h\000e\000d\000u\000l\000e}{chapter.1}% 7
\BOOKMARK [0][-]{chapter.2}{\376\377\000A\0001\000.\000\040\000T\000u\000e\000s\000\040\000J\000a\000n\000\040\0001\0002\000:\000\040\000W\000h\000a\000t\000\040\000i\000s\000\040\000a\000\040\000m\000a\000t\000h\000e\000m\000a\000t\000i\000c\000a\000l\000\040\000m\000o\000d\000e\000l\000?}{}% 8
\BOOKMARK [1][-]{section.2.1}{\376\377\000Q\000u\000e\000s\000t\000i\000o\000n\000s\000\040\000A\0001\000-\0001}{chapter.2}% 9
\BOOKMARK [0][-]{chapter.3}{\376\377\000A\0001\000.\000\040\000T\000h\000u\000r\000s\000\040\000J\000a\000n\000\040\0001\0004\000:\000\040\000G\000e\000t\000t\000i\000n\000g\000\040\000s\000t\000a\000r\000t\000e\000d}{}% 10
\BOOKMARK [1][-]{section.3.1}{\376\377\000T\000h\000e\000\040\000c\000o\000o\000l\000i\000n\000g\000\040\000c\000u\000p\000\040\000o\000f\000\040\000c\000o\000f\000f\000e\000e}{chapter.3}% 11
\BOOKMARK [1][-]{section.3.2}{\376\377\000Q\000u\000e\000s\000t\000i\000o\000n\000s\000\040\000A\0001\000-\0002}{chapter.3}% 12
\BOOKMARK [0][-]{chapter.4}{\376\377\000A\0002\000.\000\040\000T\000u\000e\000s\000\040\000J\000a\000n\000\040\0001\0009\000:\000\040\000D\000e\000r\000i\000v\000i\000n\000g\000\040\000o\000r\000d\000i\000n\000a\000r\000y\000\040\000d\000i\000f\000f\000e\000r\000e\000n\000t\000i\000a\000l\000\040\000e\000q\000u\000a\000t\000i\000o\000n\000\040\000m\000o\000d\000e\000l\000s}{}% 13
\BOOKMARK [1][-]{section.4.1}{\376\377\000Q\000u\000e\000s\000t\000i\000o\000n\000s\000\040\000A\0002\000-\0001}{chapter.4}% 14
\BOOKMARK [0][-]{chapter.5}{\376\377\000A\0002\000.\000\040\000T\000h\000u\000r\000s\000\040\000J\000a\000n\000\040\0002\0001\000:\000\040\000D\000e\000r\000i\000v\000i\000n\000g\000\040\000r\000e\000c\000u\000r\000s\000i\000o\000n\000\040\000e\000q\000u\000a\000t\000i\000o\000n\000\040\000m\000o\000d\000e\000l\000s}{}% 15
\BOOKMARK [1][-]{section.5.1}{\376\377\000Q\000u\000e\000s\000t\000i\000o\000n\000s\000\040\000A\0002\000-\0002}{chapter.5}% 16
\BOOKMARK [0][-]{chapter.6}{\376\377\000A\0003\000.\000\040\000T\000u\000e\000s\000\040\000J\000a\000n\000\040\0002\0006\000:\000\040\000A\000n\000a\000l\000y\000s\000i\000s\000\040\000o\000f\000\040\000d\000y\000n\000a\000m\000i\000c\000a\000l\000\040\000s\000y\000s\000t\000e\000m\000s}{}% 17
\BOOKMARK [0][-]{chapter.7}{\376\377\000A\0003\000.\000\040\000T\000h\000u\000r\000s\000\040\000J\000a\000n\000\040\0002\0008\000:\000\040\000C\000l\000a\000s\000s\000i\000c\000\040\000m\000o\000d\000e\000l\000s\000\040\000o\000f\000\040\000p\000o\000p\000u\000l\000a\000t\000i\000o\000n\000\040\000b\000i\000o\000l\000o\000g\000y}{}% 18
\BOOKMARK [0][-]{chapter.8}{\376\377\000A\0004\000.\000\040\000T\000u\000e\000s\000\040\000F\000e\000b\000\040\0002\000:\000\040\000E\000p\000i\000d\000e\000m\000i\000c\000,\000\040\000c\000o\000n\000s\000u\000m\000e\000r\000-\000r\000e\000s\000o\000u\000r\000c\000e\000,\000\040\000a\000n\000d\000\040\000c\000o\000m\000p\000e\000t\000i\000t\000i\000o\000n\000\040\000m\000o\000d\000e\000l\000s}{}% 19
\BOOKMARK [0][-]{chapter.9}{\376\377\000A\0004\000.\000\040\000T\000h\000u\000r\000s\000\040\000F\000e\000b\000\040\0004\000:\000\040\000P\000a\000r\000t\000i\000a\000l\000\040\000d\000i\000f\000f\000e\000r\000e\000n\000t\000i\000a\000l\000\040\000a\000n\000d\000\040\000d\000e\000l\000a\000y\000\040\000d\000i\000f\000f\000e\000r\000e\000n\000t\000i\000a\000l\000\040\000e\000q\000u\000a\000t\000i\000o\000n\000\040\000m\000o\000d\000e\000l\000s}{}% 20
\BOOKMARK [0][-]{chapter.10}{\376\377\000A\0005\000.\000\040\000T\000u\000e\000s\000\040\000F\000e\000b\000\040\0009\000:\000\040\000P\000a\000r\000a\000m\000e\000t\000e\000r\000\040\000e\000s\000t\000i\000m\000a\000t\000i\000o\000n}{}% 21
\BOOKMARK [0][-]{chapter.11}{\376\377\000A\0005\000.\000\040\000T\000h\000u\000r\000s\000\040\000F\000e\000b\000\040\0001\0001\000:\000\040\000N\000u\000m\000e\000r\000i\000c\000a\000l\000\040\000s\000o\000l\000u\000l\000t\000i\000o\000n\000s}{}% 22
\BOOKMARK [0][-]{chapter.12}{\376\377\000A\0006\000.\000\040\000T\000u\000e\000s\000\040\000F\000e\000b\000\040\0001\0006\000:\000\040\000C\000a\000s\000e\000\040\000s\000t\000u\000d\000i\000e\000s}{}% 23
\BOOKMARK [0][-]{chapter.13}{\376\377\000A\0006\000.\000\040\000T\000h\000u\000r\000s\000\040\000F\000e\000b\000\040\0001\0008\000:\000\040\000M\000a\000k\000e\000\040\000y\000o\000u\000r\000\040\000o\000w\000n\000\040\000m\000o\000d\000e\000l}{}% 24
\BOOKMARK [0][-]{chapter.14}{\376\377\000A\0007\000.\000\040\000T\000u\000e\000s\000\040\000F\000e\000b\000\040\0002\0003\000:\000\040\000S\000t\000o\000c\000h\000a\000s\000t\000i\000c\000\040\000m\000o\000d\000e\000l\000s}{}% 25
\BOOKMARK [0][-]{chapter.15}{\376\377\000A\0007\000.\000\040\000T\000h\000u\000r\000s\000\040\000F\000e\000b\000\040\0002\0005\000:\000\040\000S\000i\000m\000u\000l\000a\000t\000i\000o\000n\000\040\000o\000f\000\040\000s\000t\000o\000c\000h\000a\000s\000t\000i\000c\000\040\000m\000o\000d\000e\000l\000s}{}% 26
\BOOKMARK [0][-]{chapter.16}{\376\377\000F\000i\000n\000a\000l\000\040\000p\000r\000o\000j\000e\000c\000t}{}% 27
\BOOKMARK [1][-]{section.16.1}{\376\377\000W\000r\000i\000t\000t\000e\000n\000\040\000R\000e\000p\000o\000r\000t}{chapter.16}% 28
\BOOKMARK [1][-]{section.16.2}{\376\377\000O\000r\000a\000l\000\040\000r\000e\000p\000o\000r\000t}{chapter.16}% 29
